2018-09-17 16:21:35,348 - C:/Users/Administrator/PycharmProjects/tjwxb/Web_Check/Dwszb_Check.py[line:143] - DEBUG: debug
2018-09-17 16:21:35,348 - C:/Users/Administrator/PycharmProjects/tjwxb/Web_Check/Dwszb_Check.py[line:144] - INFO: info
2018-09-17 16:23:33,025 - C:/Users/Administrator/PycharmProjects/tjwxb/Web_Check/Dwszb_Check.py[line:135] - DEBUG: debug
2018-09-17 16:23:33,025 - C:/Users/Administrator/PycharmProjects/tjwxb/Web_Check/Dwszb_Check.py[line:136] - INFO: info
2018-09-17 16:23:33,025 - C:/Users/Administrator/PycharmProjects/tjwxb/Web_Check/Dwszb_Check.py[line:137] - WARNING: 警告
2018-09-17 16:23:33,026 - C:/Users/Administrator/PycharmProjects/tjwxb/Web_Check/Dwszb_Check.py[line:138] - ERROR: 报错
2018-09-17 16:23:33,026 - C:/Users/Administrator/PycharmProjects/tjwxb/Web_Check/Dwszb_Check.py[line:139] - CRITICAL: 严重
2018-09-17 16:26:12,832 - C:/Users/Administrator/PycharmProjects/tjwxb/Web_Check/Dwszb_Check.py[line:135] - DEBUG: debug
2018-09-17 16:26:12,832 - C:/Users/Administrator/PycharmProjects/tjwxb/Web_Check/Dwszb_Check.py[line:136] - INFO: info
2018-09-17 16:26:12,832 - C:/Users/Administrator/PycharmProjects/tjwxb/Web_Check/Dwszb_Check.py[line:137] - WARNING: 警告
2018-09-17 16:26:12,832 - C:/Users/Administrator/PycharmProjects/tjwxb/Web_Check/Dwszb_Check.py[line:138] - ERROR: 报错
2018-09-17 16:26:12,832 - C:/Users/Administrator/PycharmProjects/tjwxb/Web_Check/Dwszb_Check.py[line:139] - CRITICAL: 严重
2018-09-17 16:28:29,088 - C:/Users/Administrator/PycharmProjects/tjwxb/Web_Check/Dwszb_Check.py[line:135] - DEBUG: debug
2018-09-17 16:28:29,089 - C:/Users/Administrator/PycharmProjects/tjwxb/Web_Check/Dwszb_Check.py[line:136] - INFO: info
2018-09-17 16:28:29,089 - C:/Users/Administrator/PycharmProjects/tjwxb/Web_Check/Dwszb_Check.py[line:137] - WARNING: 警告
2018-09-17 16:28:29,089 - C:/Users/Administrator/PycharmProjects/tjwxb/Web_Check/Dwszb_Check.py[line:138] - ERROR: 报错
2018-09-17 16:28:29,089 - C:/Users/Administrator/PycharmProjects/tjwxb/Web_Check/Dwszb_Check.py[line:139] - CRITICAL: 严重
2018-09-17 16:34:56,743 - C:/Users/Administrator/PycharmProjects/tjwxb/Web_Check/Dwszb_Check.py[line:135] - DEBUG: debug
2018-09-17 16:34:56,743 - C:/Users/Administrator/PycharmProjects/tjwxb/Web_Check/Dwszb_Check.py[line:136] - INFO: info
2018-09-17 16:34:56,743 - C:/Users/Administrator/PycharmProjects/tjwxb/Web_Check/Dwszb_Check.py[line:137] - WARNING: 警告
2018-09-17 16:34:56,743 - C:/Users/Administrator/PycharmProjects/tjwxb/Web_Check/Dwszb_Check.py[line:138] - ERROR: 报错
2018-09-17 16:34:56,743 - C:/Users/Administrator/PycharmProjects/tjwxb/Web_Check/Dwszb_Check.py[line:139] - CRITICAL: 严重
